The system is: Linux - 3.19.0-64-generic - x86_64
Compiling the C compiler identification source file "CMakeCCompilerId.c" succeeded.
Compiler: /cross-tools/bin/mips-unknown-linux-gnu-gcc 
Build flags: 
Id flags: 

The output was:
0


Compilation of the C compiler identification source "CMakeCCompilerId.c" produced "a.out"

The C compiler identification is GNU, found in "/home/walker/Documents/HTM/sesc-pleasetm.htm/build.smp/CMakeFiles/3.0.2/CompilerIdC/a.out"

Compiling the CXX compiler identification source file "CMakeCXXCompilerId.cpp" succeeded.
Compiler: /usr/bin/c++ 
Build flags: 
Id flags: 

The output was:
0


Compilation of the CXX compiler identification source "CMakeCXXCompilerId.cpp" produced "a.out"

The CXX compiler identification is GNU, found in "/home/walker/Documents/HTM/sesc-pleasetm.htm/build.smp/CMakeFiles/3.0.2/CompilerIdCXX/a.out"

Determining if the C compiler works passed with the following output:
Change Dir: /home/walker/Documents/HTM/sesc-pleasetm.htm/build.smp/CMakeFiles/CMakeTmp

Run Build Command:"/usr/bin/make" "cmTryCompileExec561547250/fast"
/usr/bin/make -f CMakeFiles/cmTryCompileExec561547250.dir/build.make CMakeFiles/cmTryCompileExec561547250.dir/build
make[1]: Entering directory '/home/walker/Documents/HTM/sesc-pleasetm.htm/build.smp/CMakeFiles/CMakeTmp'
/usr/bin/cmake -E cmake_progress_report /home/walker/Documents/HTM/sesc-pleasetm.htm/build.smp/CMakeFiles/CMakeTmp/CMakeFiles 1
Building C object CMakeFiles/cmTryCompileExec561547250.dir/testCCompiler.c.o
/cross-tools/bin/mips-unknown-linux-gnu-gcc    -o CMakeFiles/cmTryCompileExec561547250.dir/testCCompiler.c.o   -c /home/walker/Documents/HTM/sesc-pleasetm.htm/build.smp/CMakeFiles/CMakeTmp/testCCompiler.c
Linking C executable cmTryCompileExec561547250
/usr/bin/cmake -E cmake_link_script CMakeFiles/cmTryCompileExec561547250.dir/link.txt --verbose=1
/cross-tools/bin/mips-unknown-linux-gnu-gcc       CMakeFiles/cmTryCompileExec561547250.dir/testCCompiler.c.o  -o cmTryCompileExec561547250 -rdynamic 
make[1]: Leaving directory '/home/walker/Documents/HTM/sesc-pleasetm.htm/build.smp/CMakeFiles/CMakeTmp'


Detecting C compiler ABI info compiled with the following output:
Change Dir: /home/walker/Documents/HTM/sesc-pleasetm.htm/build.smp/CMakeFiles/CMakeTmp

Run Build Command:"/usr/bin/make" "cmTryCompileExec931945498/fast"
/usr/bin/make -f CMakeFiles/cmTryCompileExec931945498.dir/build.make CMakeFiles/cmTryCompileExec931945498.dir/build
make[1]: Entering directory '/home/walker/Documents/HTM/sesc-pleasetm.htm/build.smp/CMakeFiles/CMakeTmp'
/usr/bin/cmake -E cmake_progress_report /home/walker/Documents/HTM/sesc-pleasetm.htm/build.smp/CMakeFiles/CMakeTmp/CMakeFiles 1
Building C object CMakeFiles/cmTryCompileExec931945498.dir/CMakeCCompilerABI.c.o
/cross-tools/bin/mips-unknown-linux-gnu-gcc    -o CMakeFiles/cmTryCompileExec931945498.dir/CMakeCCompilerABI.c.o   -c /usr/share/cmake-3.0/Modules/CMakeCCompilerABI.c
Linking C executable cmTryCompileExec931945498
/usr/bin/cmake -E cmake_link_script CMakeFiles/cmTryCompileExec931945498.dir/link.txt --verbose=1
/cross-tools/bin/mips-unknown-linux-gnu-gcc     -v CMakeFiles/cmTryCompileExec931945498.dir/CMakeCCompilerABI.c.o  -o cmTryCompileExec931945498 -rdynamic  
Using built-in specs.
COLLECT_GCC=/cross-tools/bin/mips-unknown-linux-gnu-gcc
COLLECT_LTO_WRAPPER=/home/walker/Documents/HTM/clfs-sources/sources/cross-tools/bin/../libexec/gcc/mips-unknown-linux-gnu/4.8.1/lto-wrapper
Target: mips-unknown-linux-gnu
Configured with: ../gcc-4.8.1/configure --prefix=/cross-tools --build=x86_64-cross-linux --target=mips-unknown-linux-gnu --host=x86_64-cross-linux --with-sysroot=/home/walker/Documents/HTM/clfs-sources/sources --with-local-prefix=/tools --with-native-system-header-dir=/tools/include --disable-nls --enable-shared --disable-static --enable-languages=c,c++ --enable-__cxa_atexit --enable-c99 --enable-long-long --enable-threads=posix --disable-multilib --with-mpc=/cross-tools --with-mpfr=/cross-tools --with-gmp=/cross-tools --with-cloog=/cross-tools --enable-cloog-backend=isl --with-isl=/cross-tools --disable-isl-version-check --with-system-zlib --enable-checking=release --enable-libstdcxx-time
Thread model: posix
gcc version 4.8.1 (GCC for Cross-LFS 4.8.1.20131001) 
COMPILER_PATH=/home/walker/Documents/HTM/clfs-sources/sources/cross-tools/bin/../libexec/gcc/mips-unknown-linux-gnu/4.8.1/:/home/walker/Documents/HTM/clfs-sources/sources/cross-tools/bin/../libexec/gcc/:/home/walker/Documents/HTM/clfs-sources/sources/cross-tools/bin/../lib/gcc/mips-unknown-linux-gnu/4.8.1/../../../../mips-unknown-linux-gnu/bin/
LIBRARY_PATH=/home/walker/Documents/HTM/clfs-sources/sources/cross-tools/bin/../lib/gcc/mips-unknown-linux-gnu/4.8.1/:/home/walker/Documents/HTM/clfs-sources/sources/cross-tools/bin/../lib/gcc/:/home/walker/Documents/HTM/clfs-sources/sources/cross-tools/bin/../lib/gcc/mips-unknown-linux-gnu/4.8.1/../../../../mips-unknown-linux-gnu/lib/:/home/walker/Documents/HTM/clfs-sources/sources/tools/lib/
COLLECT_GCC_OPTIONS='-v' '-o' 'cmTryCompileExec931945498' '-rdynamic' '-mllsc' '-mno-shared'
 /home/walker/Documents/HTM/clfs-sources/sources/cross-tools/bin/../libexec/gcc/mips-unknown-linux-gnu/4.8.1/collect2 --sysroot=/home/walker/Documents/HTM/clfs-sources/sources --eh-frame-hdr -EB -export-dynamic -dynamic-linker /tools/lib/ld.so.1 -o cmTryCompileExec931945498 /home/walker/Documents/HTM/clfs-sources/sources/tools/lib/crt1.o /home/walker/Documents/HTM/clfs-sources/sources/tools/lib/crti.o /home/walker/Documents/HTM/clfs-sources/sources/cross-tools/bin/../lib/gcc/mips-unknown-linux-gnu/4.8.1/crtbegin.o -L/home/walker/Documents/HTM/clfs-sources/sources/cross-tools/bin/../lib/gcc/mips-unknown-linux-gnu/4.8.1 -L/home/walker/Documents/HTM/clfs-sources/sources/cross-tools/bin/../lib/gcc -L/home/walker/Documents/HTM/clfs-sources/sources/cross-tools/bin/../lib/gcc/mips-unknown-linux-gnu/4.8.1/../../../../mips-unknown-linux-gnu/lib -L/home/walker/Documents/HTM/clfs-sources/sources/tools/lib CMakeFiles/cmTryCompileExec931945498.dir/CMakeCCompilerABI.c.o -lgcc --as-needed -lgcc_s --no-as-needed -lc -lgcc --as-needed -lgcc_s --no-as-needed /home/walker/Documents/HTM/clfs-sources/sources/cross-tools/bin/../lib/gcc/mips-unknown-linux-gnu/4.8.1/crtend.o /home/walker/Documents/HTM/clfs-sources/sources/tools/lib/crtn.o
make[1]: Leaving directory '/home/walker/Documents/HTM/sesc-pleasetm.htm/build.smp/CMakeFiles/CMakeTmp'


Parsed C implicit link information from above output:
  link line regex: [^( *|.*[/\])(ld|([^/\]+-)?ld|collect2)[^/\]*( |$)]
  ignore line: [Change Dir: /home/walker/Documents/HTM/sesc-pleasetm.htm/build.smp/CMakeFiles/CMakeTmp]
  ignore line: []
  ignore line: [Run Build Command:"/usr/bin/make" "cmTryCompileExec931945498/fast"]
  ignore line: [/usr/bin/make -f CMakeFiles/cmTryCompileExec931945498.dir/build.make CMakeFiles/cmTryCompileExec931945498.dir/build]
  ignore line: [make[1]: Entering directory '/home/walker/Documents/HTM/sesc-pleasetm.htm/build.smp/CMakeFiles/CMakeTmp']
  ignore line: [/usr/bin/cmake -E cmake_progress_report /home/walker/Documents/HTM/sesc-pleasetm.htm/build.smp/CMakeFiles/CMakeTmp/CMakeFiles 1]
  ignore line: [Building C object CMakeFiles/cmTryCompileExec931945498.dir/CMakeCCompilerABI.c.o]
  ignore line: [/cross-tools/bin/mips-unknown-linux-gnu-gcc    -o CMakeFiles/cmTryCompileExec931945498.dir/CMakeCCompilerABI.c.o   -c /usr/share/cmake-3.0/Modules/CMakeCCompilerABI.c]
  ignore line: [Linking C executable cmTryCompileExec931945498]
  ignore line: [/usr/bin/cmake -E cmake_link_script CMakeFiles/cmTryCompileExec931945498.dir/link.txt --verbose=1]
  ignore line: [/cross-tools/bin/mips-unknown-linux-gnu-gcc     -v CMakeFiles/cmTryCompileExec931945498.dir/CMakeCCompilerABI.c.o  -o cmTryCompileExec931945498 -rdynamic  ]
  ignore line: [Using built-in specs.]
  ignore line: [COLLECT_GCC=/cross-tools/bin/mips-unknown-linux-gnu-gcc]
  ignore line: [COLLECT_LTO_WRAPPER=/home/walker/Documents/HTM/clfs-sources/sources/cross-tools/bin/../libexec/gcc/mips-unknown-linux-gnu/4.8.1/lto-wrapper]
  ignore line: [Target: mips-unknown-linux-gnu]
  ignore line: [Configured with: ../gcc-4.8.1/configure --prefix=/cross-tools --build=x86_64-cross-linux --target=mips-unknown-linux-gnu --host=x86_64-cross-linux --with-sysroot=/home/walker/Documents/HTM/clfs-sources/sources --with-local-prefix=/tools --with-native-system-header-dir=/tools/include --disable-nls --enable-shared --disable-static --enable-languages=c,c++ --enable-__cxa_atexit --enable-c99 --enable-long-long --enable-threads=posix --disable-multilib --with-mpc=/cross-tools --with-mpfr=/cross-tools --with-gmp=/cross-tools --with-cloog=/cross-tools --enable-cloog-backend=isl --with-isl=/cross-tools --disable-isl-version-check --with-system-zlib --enable-checking=release --enable-libstdcxx-time]
  ignore line: [Thread model: posix]
  ignore line: [gcc version 4.8.1 (GCC for Cross-LFS 4.8.1.20131001) ]
  ignore line: [COMPILER_PATH=/home/walker/Documents/HTM/clfs-sources/sources/cross-tools/bin/../libexec/gcc/mips-unknown-linux-gnu/4.8.1/:/home/walker/Documents/HTM/clfs-sources/sources/cross-tools/bin/../libexec/gcc/:/home/walker/Documents/HTM/clfs-sources/sources/cross-tools/bin/../lib/gcc/mips-unknown-linux-gnu/4.8.1/../../../../mips-unknown-linux-gnu/bin/]
  ignore line: [LIBRARY_PATH=/home/walker/Documents/HTM/clfs-sources/sources/cross-tools/bin/../lib/gcc/mips-unknown-linux-gnu/4.8.1/:/home/walker/Documents/HTM/clfs-sources/sources/cross-tools/bin/../lib/gcc/:/home/walker/Documents/HTM/clfs-sources/sources/cross-tools/bin/../lib/gcc/mips-unknown-linux-gnu/4.8.1/../../../../mips-unknown-linux-gnu/lib/:/home/walker/Documents/HTM/clfs-sources/sources/tools/lib/]
  ignore line: [COLLECT_GCC_OPTIONS='-v' '-o' 'cmTryCompileExec931945498' '-rdynamic' '-mllsc' '-mno-shared']
  link line: [ /home/walker/Documents/HTM/clfs-sources/sources/cross-tools/bin/../libexec/gcc/mips-unknown-linux-gnu/4.8.1/collect2 --sysroot=/home/walker/Documents/HTM/clfs-sources/sources --eh-frame-hdr -EB -export-dynamic -dynamic-linker /tools/lib/ld.so.1 -o cmTryCompileExec931945498 /home/walker/Documents/HTM/clfs-sources/sources/tools/lib/crt1.o /home/walker/Documents/HTM/clfs-sources/sources/tools/lib/crti.o /home/walker/Documents/HTM/clfs-sources/sources/cross-tools/bin/../lib/gcc/mips-unknown-linux-gnu/4.8.1/crtbegin.o -L/home/walker/Documents/HTM/clfs-sources/sources/cross-tools/bin/../lib/gcc/mips-unknown-linux-gnu/4.8.1 -L/home/walker/Documents/HTM/clfs-sources/sources/cross-tools/bin/../lib/gcc -L/home/walker/Documents/HTM/clfs-sources/sources/cross-tools/bin/../lib/gcc/mips-unknown-linux-gnu/4.8.1/../../../../mips-unknown-linux-gnu/lib -L/home/walker/Documents/HTM/clfs-sources/sources/tools/lib CMakeFiles/cmTryCompileExec931945498.dir/CMakeCCompilerABI.c.o -lgcc --as-needed -lgcc_s --no-as-needed -lc -lgcc --as-needed -lgcc_s --no-as-needed /home/walker/Documents/HTM/clfs-sources/sources/cross-tools/bin/../lib/gcc/mips-unknown-linux-gnu/4.8.1/crtend.o /home/walker/Documents/HTM/clfs-sources/sources/tools/lib/crtn.o]
    arg [/home/walker/Documents/HTM/clfs-sources/sources/cross-tools/bin/../libexec/gcc/mips-unknown-linux-gnu/4.8.1/collect2] ==> ignore
    arg [--sysroot=/home/walker/Documents/HTM/clfs-sources/sources] ==> ignore
    arg [--eh-frame-hdr] ==> ignore
    arg [-EB] ==> ignore
    arg [-export-dynamic] ==> ignore
    arg [-dynamic-linker] ==> ignore
    arg [/tools/lib/ld.so.1] ==> ignore
    arg [-o] ==> ignore
    arg [cmTryCompileExec931945498] ==> ignore
    arg [/home/walker/Documents/HTM/clfs-sources/sources/tools/lib/crt1.o] ==> ignore
    arg [/home/walker/Documents/HTM/clfs-sources/sources/tools/lib/crti.o] ==> ignore
    arg [/home/walker/Documents/HTM/clfs-sources/sources/cross-tools/bin/../lib/gcc/mips-unknown-linux-gnu/4.8.1/crtbegin.o] ==> ignore
    arg [-L/home/walker/Documents/HTM/clfs-sources/sources/cross-tools/bin/../lib/gcc/mips-unknown-linux-gnu/4.8.1] ==> dir [/home/walker/Documents/HTM/clfs-sources/sources/cross-tools/bin/../lib/gcc/mips-unknown-linux-gnu/4.8.1]
    arg [-L/home/walker/Documents/HTM/clfs-sources/sources/cross-tools/bin/../lib/gcc] ==> dir [/home/walker/Documents/HTM/clfs-sources/sources/cross-tools/bin/../lib/gcc]
    arg [-L/home/walker/Documents/HTM/clfs-sources/sources/cross-tools/bin/../lib/gcc/mips-unknown-linux-gnu/4.8.1/../../../../mips-unknown-linux-gnu/lib] ==> dir [/home/walker/Documents/HTM/clfs-sources/sources/cross-tools/bin/../lib/gcc/mips-unknown-linux-gnu/4.8.1/../../../../mips-unknown-linux-gnu/lib]
    arg [-L/home/walker/Documents/HTM/clfs-sources/sources/tools/lib] ==> dir [/home/walker/Documents/HTM/clfs-sources/sources/tools/lib]
    arg [CMakeFiles/cmTryCompileExec931945498.dir/CMakeCCompilerABI.c.o] ==> ignore
    arg [-lgcc] ==> lib [gcc]
    arg [--as-needed] ==> ignore
    arg [-lgcc_s] ==> lib [gcc_s]
    arg [--no-as-needed] ==> ignore
    arg [-lc] ==> lib [c]
    arg [-lgcc] ==> lib [gcc]
    arg [--as-needed] ==> ignore
    arg [-lgcc_s] ==> lib [gcc_s]
    arg [--no-as-needed] ==> ignore
    arg [/home/walker/Documents/HTM/clfs-sources/sources/cross-tools/bin/../lib/gcc/mips-unknown-linux-gnu/4.8.1/crtend.o] ==> ignore
    arg [/home/walker/Documents/HTM/clfs-sources/sources/tools/lib/crtn.o] ==> ignore
  remove lib [gcc]
  remove lib [gcc_s]
  remove lib [gcc]
  remove lib [gcc_s]
  collapse library dir [/home/walker/Documents/HTM/clfs-sources/sources/cross-tools/bin/../lib/gcc/mips-unknown-linux-gnu/4.8.1] ==> [/home/walker/Documents/HTM/clfs-sources/sources/cross-tools/lib/gcc/mips-unknown-linux-gnu/4.8.1]
  collapse library dir [/home/walker/Documents/HTM/clfs-sources/sources/cross-tools/bin/../lib/gcc] ==> [/home/walker/Documents/HTM/clfs-sources/sources/cross-tools/lib/gcc]
  collapse library dir [/home/walker/Documents/HTM/clfs-sources/sources/cross-tools/bin/../lib/gcc/mips-unknown-linux-gnu/4.8.1/../../../../mips-unknown-linux-gnu/lib] ==> [/home/walker/Documents/HTM/clfs-sources/sources/cross-tools/mips-unknown-linux-gnu/lib]
  collapse library dir [/home/walker/Documents/HTM/clfs-sources/sources/tools/lib] ==> [/home/walker/Documents/HTM/clfs-sources/sources/tools/lib]
  implicit libs: [c]
  implicit dirs: [/home/walker/Documents/HTM/clfs-sources/sources/cross-tools/lib/gcc/mips-unknown-linux-gnu/4.8.1;/home/walker/Documents/HTM/clfs-sources/sources/cross-tools/lib/gcc;/home/walker/Documents/HTM/clfs-sources/sources/cross-tools/mips-unknown-linux-gnu/lib;/home/walker/Documents/HTM/clfs-sources/sources/tools/lib]
  implicit fwks: []


Determining if the CXX compiler works passed with the following output:
Change Dir: /home/walker/Documents/HTM/sesc-pleasetm.htm/build.smp/CMakeFiles/CMakeTmp

Run Build Command:"/usr/bin/make" "cmTryCompileExec332619734/fast"
/usr/bin/make -f CMakeFiles/cmTryCompileExec332619734.dir/build.make CMakeFiles/cmTryCompileExec332619734.dir/build
make[1]: Entering directory '/home/walker/Documents/HTM/sesc-pleasetm.htm/build.smp/CMakeFiles/CMakeTmp'
/usr/bin/cmake -E cmake_progress_report /home/walker/Documents/HTM/sesc-pleasetm.htm/build.smp/CMakeFiles/CMakeTmp/CMakeFiles 1
Building CXX object CMakeFiles/cmTryCompileExec332619734.dir/testCXXCompiler.cxx.o
/usr/bin/c++     -o CMakeFiles/cmTryCompileExec332619734.dir/testCXXCompiler.cxx.o -c /home/walker/Documents/HTM/sesc-pleasetm.htm/build.smp/CMakeFiles/CMakeTmp/testCXXCompiler.cxx
Linking CXX executable cmTryCompileExec332619734
/usr/bin/cmake -E cmake_link_script CMakeFiles/cmTryCompileExec332619734.dir/link.txt --verbose=1
/usr/bin/c++        CMakeFiles/cmTryCompileExec332619734.dir/testCXXCompiler.cxx.o  -o cmTryCompileExec332619734 -rdynamic 
make[1]: Leaving directory '/home/walker/Documents/HTM/sesc-pleasetm.htm/build.smp/CMakeFiles/CMakeTmp'


Detecting CXX compiler ABI info compiled with the following output:
Change Dir: /home/walker/Documents/HTM/sesc-pleasetm.htm/build.smp/CMakeFiles/CMakeTmp

Run Build Command:"/usr/bin/make" "cmTryCompileExec2984732442/fast"
/usr/bin/make -f CMakeFiles/cmTryCompileExec2984732442.dir/build.make CMakeFiles/cmTryCompileExec2984732442.dir/build
make[1]: Entering directory '/home/walker/Documents/HTM/sesc-pleasetm.htm/build.smp/CMakeFiles/CMakeTmp'
/usr/bin/cmake -E cmake_progress_report /home/walker/Documents/HTM/sesc-pleasetm.htm/build.smp/CMakeFiles/CMakeTmp/CMakeFiles 1
Building CXX object CMakeFiles/cmTryCompileExec2984732442.dir/CMakeCXXCompilerABI.cpp.o
/usr/bin/c++     -o CMakeFiles/cmTryCompileExec2984732442.dir/CMakeCXXCompilerABI.cpp.o -c /usr/share/cmake-3.0/Modules/CMakeCXXCompilerABI.cpp
Linking CXX executable cmTryCompileExec2984732442
/usr/bin/cmake -E cmake_link_script CMakeFiles/cmTryCompileExec2984732442.dir/link.txt --verbose=1
/usr/bin/c++      -v CMakeFiles/cmTryCompileExec2984732442.dir/CMakeCXXCompilerABI.cpp.o  -o cmTryCompileExec2984732442 -rdynamic  
Using built-in specs.
COLLECT_GCC=/usr/bin/c++
COLLECT_LTO_WRAPPER=/usr/lib/gcc/x86_64-linux-gnu/4.9/lto-wrapper
Target: x86_64-linux-gnu
Configured with: ../src/configure -v --with-pkgversion='Ubuntu 4.9.2-10ubuntu13' --with-bugurl=file:///usr/share/doc/gcc-4.9/README.Bugs --enable-languages=c,c++,java,go,d,fortran,objc,obj-c++ --prefix=/usr --program-suffix=-4.9 --enable-shared --enable-linker-build-id --libexecdir=/usr/lib --without-included-gettext --enable-threads=posix --with-gxx-include-dir=/usr/include/c++/4.9 --libdir=/usr/lib --enable-nls --with-sysroot=/ --enable-clocale=gnu --enable-libstdcxx-debug --enable-libstdcxx-time=yes --enable-gnu-unique-object --disable-vtable-verify --enable-plugin --with-system-zlib --disable-browser-plugin --enable-java-awt=gtk --enable-gtk-cairo --with-java-home=/usr/lib/jvm/java-1.5.0-gcj-4.9-amd64/jre --enable-java-home --with-jvm-root-dir=/usr/lib/jvm/java-1.5.0-gcj-4.9-amd64 --with-jvm-jar-dir=/usr/lib/jvm-exports/java-1.5.0-gcj-4.9-amd64 --with-arch-directory=amd64 --with-ecj-jar=/usr/share/java/eclipse-ecj.jar --enable-objc-gc --enable-multiarch --disable-werror --with-arch-32=i686 --with-abi=m64 --with-multilib-list=m32,m64,mx32 --enable-multilib --with-tune=generic --enable-checking=release --build=x86_64-linux-gnu --host=x86_64-linux-gnu --target=x86_64-linux-gnu
Thread model: posix
gcc version 4.9.2 (Ubuntu 4.9.2-10ubuntu13) 
COMPILER_PATH=/usr/lib/gcc/x86_64-linux-gnu/4.9/:/usr/lib/gcc/x86_64-linux-gnu/4.9/:/usr/lib/gcc/x86_64-linux-gnu/:/usr/lib/gcc/x86_64-linux-gnu/4.9/:/usr/lib/gcc/x86_64-linux-gnu/
LIBRARY_PATH=/usr/lib/gcc/x86_64-linux-gnu/4.9/:/usr/lib/gcc/x86_64-linux-gnu/4.9/../../../x86_64-linux-gnu/:/usr/lib/gcc/x86_64-linux-gnu/4.9/../../../../lib/:/lib/x86_64-linux-gnu/:/lib/../lib/:/usr/lib/x86_64-linux-gnu/:/usr/lib/../lib/:/usr/lib/gcc/x86_64-linux-gnu/4.9/../../../:/lib/:/usr/lib/
COLLECT_GCC_OPTIONS='-v' '-o' 'cmTryCompileExec2984732442' '-rdynamic' '-shared-libgcc' '-mtune=generic' '-march=x86-64'
 /usr/lib/gcc/x86_64-linux-gnu/4.9/collect2 -plugin /usr/lib/gcc/x86_64-linux-gnu/4.9/liblto_plugin.so -plugin-opt=/usr/lib/gcc/x86_64-linux-gnu/4.9/lto-wrapper -plugin-opt=-fresolution=/tmp/cclAsBb5.res -plugin-opt=-pass-through=-lgcc_s -plugin-opt=-pass-through=-lgcc -plugin-opt=-pass-through=-lc -plugin-opt=-pass-through=-lgcc_s -plugin-opt=-pass-through=-lgcc --sysroot=/ --build-id --eh-frame-hdr -m elf_x86_64 --hash-style=gnu --as-needed -export-dynamic -dynamic-linker /lib64/ld-linux-x86-64.so.2 -z relro -o cmTryCompileExec2984732442 /usr/lib/gcc/x86_64-linux-gnu/4.9/../../../x86_64-linux-gnu/crt1.o /usr/lib/gcc/x86_64-linux-gnu/4.9/../../../x86_64-linux-gnu/crti.o /usr/lib/gcc/x86_64-linux-gnu/4.9/crtbegin.o -L/usr/lib/gcc/x86_64-linux-gnu/4.9 -L/usr/lib/gcc/x86_64-linux-gnu/4.9/../../../x86_64-linux-gnu -L/usr/lib/gcc/x86_64-linux-gnu/4.9/../../../../lib -L/lib/x86_64-linux-gnu -L/lib/../lib -L/usr/lib/x86_64-linux-gnu -L/usr/lib/../lib -L/usr/lib/gcc/x86_64-linux-gnu/4.9/../../.. CMakeFiles/cmTryCompileExec2984732442.dir/CMakeCXXCompilerABI.cpp.o -lstdc++ -lm -lgcc_s -lgcc -lc -lgcc_s -lgcc /usr/lib/gcc/x86_64-linux-gnu/4.9/crtend.o /usr/lib/gcc/x86_64-linux-gnu/4.9/../../../x86_64-linux-gnu/crtn.o
make[1]: Leaving directory '/home/walker/Documents/HTM/sesc-pleasetm.htm/build.smp/CMakeFiles/CMakeTmp'


Parsed CXX implicit link information from above output:
  link line regex: [^( *|.*[/\])(ld|([^/\]+-)?ld|collect2)[^/\]*( |$)]
  ignore line: [Change Dir: /home/walker/Documents/HTM/sesc-pleasetm.htm/build.smp/CMakeFiles/CMakeTmp]
  ignore line: []
  ignore line: [Run Build Command:"/usr/bin/make" "cmTryCompileExec2984732442/fast"]
  ignore line: [/usr/bin/make -f CMakeFiles/cmTryCompileExec2984732442.dir/build.make CMakeFiles/cmTryCompileExec2984732442.dir/build]
  ignore line: [make[1]: Entering directory '/home/walker/Documents/HTM/sesc-pleasetm.htm/build.smp/CMakeFiles/CMakeTmp']
  ignore line: [/usr/bin/cmake -E cmake_progress_report /home/walker/Documents/HTM/sesc-pleasetm.htm/build.smp/CMakeFiles/CMakeTmp/CMakeFiles 1]
  ignore line: [Building CXX object CMakeFiles/cmTryCompileExec2984732442.dir/CMakeCXXCompilerABI.cpp.o]
  ignore line: [/usr/bin/c++     -o CMakeFiles/cmTryCompileExec2984732442.dir/CMakeCXXCompilerABI.cpp.o -c /usr/share/cmake-3.0/Modules/CMakeCXXCompilerABI.cpp]
  ignore line: [Linking CXX executable cmTryCompileExec2984732442]
  ignore line: [/usr/bin/cmake -E cmake_link_script CMakeFiles/cmTryCompileExec2984732442.dir/link.txt --verbose=1]
  ignore line: [/usr/bin/c++      -v CMakeFiles/cmTryCompileExec2984732442.dir/CMakeCXXCompilerABI.cpp.o  -o cmTryCompileExec2984732442 -rdynamic  ]
  ignore line: [Using built-in specs.]
  ignore line: [COLLECT_GCC=/usr/bin/c++]
  ignore line: [COLLECT_LTO_WRAPPER=/usr/lib/gcc/x86_64-linux-gnu/4.9/lto-wrapper]
  ignore line: [Target: x86_64-linux-gnu]
  ignore line: [Configured with: ../src/configure -v --with-pkgversion='Ubuntu 4.9.2-10ubuntu13' --with-bugurl=file:///usr/share/doc/gcc-4.9/README.Bugs --enable-languages=c,c++,java,go,d,fortran,objc,obj-c++ --prefix=/usr --program-suffix=-4.9 --enable-shared --enable-linker-build-id --libexecdir=/usr/lib --without-included-gettext --enable-threads=posix --with-gxx-include-dir=/usr/include/c++/4.9 --libdir=/usr/lib --enable-nls --with-sysroot=/ --enable-clocale=gnu --enable-libstdcxx-debug --enable-libstdcxx-time=yes --enable-gnu-unique-object --disable-vtable-verify --enable-plugin --with-system-zlib --disable-browser-plugin --enable-java-awt=gtk --enable-gtk-cairo --with-java-home=/usr/lib/jvm/java-1.5.0-gcj-4.9-amd64/jre --enable-java-home --with-jvm-root-dir=/usr/lib/jvm/java-1.5.0-gcj-4.9-amd64 --with-jvm-jar-dir=/usr/lib/jvm-exports/java-1.5.0-gcj-4.9-amd64 --with-arch-directory=amd64 --with-ecj-jar=/usr/share/java/eclipse-ecj.jar --enable-objc-gc --enable-multiarch --disable-werror --with-arch-32=i686 --with-abi=m64 --with-multilib-list=m32,m64,mx32 --enable-multilib --with-tune=generic --enable-checking=release --build=x86_64-linux-gnu --host=x86_64-linux-gnu --target=x86_64-linux-gnu]
  ignore line: [Thread model: posix]
  ignore line: [gcc version 4.9.2 (Ubuntu 4.9.2-10ubuntu13) ]
  ignore line: [COMPILER_PATH=/usr/lib/gcc/x86_64-linux-gnu/4.9/:/usr/lib/gcc/x86_64-linux-gnu/4.9/:/usr/lib/gcc/x86_64-linux-gnu/:/usr/lib/gcc/x86_64-linux-gnu/4.9/:/usr/lib/gcc/x86_64-linux-gnu/]
  ignore line: [LIBRARY_PATH=/usr/lib/gcc/x86_64-linux-gnu/4.9/:/usr/lib/gcc/x86_64-linux-gnu/4.9/../../../x86_64-linux-gnu/:/usr/lib/gcc/x86_64-linux-gnu/4.9/../../../../lib/:/lib/x86_64-linux-gnu/:/lib/../lib/:/usr/lib/x86_64-linux-gnu/:/usr/lib/../lib/:/usr/lib/gcc/x86_64-linux-gnu/4.9/../../../:/lib/:/usr/lib/]
  ignore line: [COLLECT_GCC_OPTIONS='-v' '-o' 'cmTryCompileExec2984732442' '-rdynamic' '-shared-libgcc' '-mtune=generic' '-march=x86-64']
  link line: [ /usr/lib/gcc/x86_64-linux-gnu/4.9/collect2 -plugin /usr/lib/gcc/x86_64-linux-gnu/4.9/liblto_plugin.so -plugin-opt=/usr/lib/gcc/x86_64-linux-gnu/4.9/lto-wrapper -plugin-opt=-fresolution=/tmp/cclAsBb5.res -plugin-opt=-pass-through=-lgcc_s -plugin-opt=-pass-through=-lgcc -plugin-opt=-pass-through=-lc -plugin-opt=-pass-through=-lgcc_s -plugin-opt=-pass-through=-lgcc --sysroot=/ --build-id --eh-frame-hdr -m elf_x86_64 --hash-style=gnu --as-needed -export-dynamic -dynamic-linker /lib64/ld-linux-x86-64.so.2 -z relro -o cmTryCompileExec2984732442 /usr/lib/gcc/x86_64-linux-gnu/4.9/../../../x86_64-linux-gnu/crt1.o /usr/lib/gcc/x86_64-linux-gnu/4.9/../../../x86_64-linux-gnu/crti.o /usr/lib/gcc/x86_64-linux-gnu/4.9/crtbegin.o -L/usr/lib/gcc/x86_64-linux-gnu/4.9 -L/usr/lib/gcc/x86_64-linux-gnu/4.9/../../../x86_64-linux-gnu -L/usr/lib/gcc/x86_64-linux-gnu/4.9/../../../../lib -L/lib/x86_64-linux-gnu -L/lib/../lib -L/usr/lib/x86_64-linux-gnu -L/usr/lib/../lib -L/usr/lib/gcc/x86_64-linux-gnu/4.9/../../.. CMakeFiles/cmTryCompileExec2984732442.dir/CMakeCXXCompilerABI.cpp.o -lstdc++ -lm -lgcc_s -lgcc -lc -lgcc_s -lgcc /usr/lib/gcc/x86_64-linux-gnu/4.9/crtend.o /usr/lib/gcc/x86_64-linux-gnu/4.9/../../../x86_64-linux-gnu/crtn.o]
    arg [/usr/lib/gcc/x86_64-linux-gnu/4.9/collect2] ==> ignore
    arg [-plugin] ==> ignore
    arg [/usr/lib/gcc/x86_64-linux-gnu/4.9/liblto_plugin.so] ==> ignore
    arg [-plugin-opt=/usr/lib/gcc/x86_64-linux-gnu/4.9/lto-wrapper] ==> ignore
    arg [-plugin-opt=-fresolution=/tmp/cclAsBb5.res] ==> ignore
    arg [-plugin-opt=-pass-through=-lgcc_s] ==> ignore
    arg [-plugin-opt=-pass-through=-lgcc] ==> ignore
    arg [-plugin-opt=-pass-through=-lc] ==> ignore
    arg [-plugin-opt=-pass-through=-lgcc_s] ==> ignore
    arg [-plugin-opt=-pass-through=-lgcc] ==> ignore
    arg [--sysroot=/] ==> ignore
    arg [--build-id] ==> ignore
    arg [--eh-frame-hdr] ==> ignore
    arg [-m] ==> ignore
    arg [elf_x86_64] ==> ignore
    arg [--hash-style=gnu] ==> ignore
    arg [--as-needed] ==> ignore
    arg [-export-dynamic] ==> ignore
    arg [-dynamic-linker] ==> ignore
    arg [/lib64/ld-linux-x86-64.so.2] ==> ignore
    arg [-zrelro] ==> ignore
    arg [-o] ==> ignore
    arg [cmTryCompileExec2984732442] ==> ignore
    arg [/usr/lib/gcc/x86_64-linux-gnu/4.9/../../../x86_64-linux-gnu/crt1.o] ==> ignore
    arg [/usr/lib/gcc/x86_64-linux-gnu/4.9/../../../x86_64-linux-gnu/crti.o] ==> ignore
    arg [/usr/lib/gcc/x86_64-linux-gnu/4.9/crtbegin.o] ==> ignore
    arg [-L/usr/lib/gcc/x86_64-linux-gnu/4.9] ==> dir [/usr/lib/gcc/x86_64-linux-gnu/4.9]
    arg [-L/usr/lib/gcc/x86_64-linux-gnu/4.9/../../../x86_64-linux-gnu] ==> dir [/usr/lib/gcc/x86_64-linux-gnu/4.9/../../../x86_64-linux-gnu]
    arg [-L/usr/lib/gcc/x86_64-linux-gnu/4.9/../../../../lib] ==> dir [/usr/lib/gcc/x86_64-linux-gnu/4.9/../../../../lib]
    arg [-L/lib/x86_64-linux-gnu] ==> dir [/lib/x86_64-linux-gnu]
    arg [-L/lib/../lib] ==> dir [/lib/../lib]
    arg [-L/usr/lib/x86_64-linux-gnu] ==> dir [/usr/lib/x86_64-linux-gnu]
    arg [-L/usr/lib/../lib] ==> dir [/usr/lib/../lib]
    arg [-L/usr/lib/gcc/x86_64-linux-gnu/4.9/../../..] ==> dir [/usr/lib/gcc/x86_64-linux-gnu/4.9/../../..]
    arg [CMakeFiles/cmTryCompileExec2984732442.dir/CMakeCXXCompilerABI.cpp.o] ==> ignore
    arg [-lstdc++] ==> lib [stdc++]
    arg [-lm] ==> lib [m]
    arg [-lgcc_s] ==> lib [gcc_s]
    arg [-lgcc] ==> lib [gcc]
    arg [-lc] ==> lib [c]
    arg [-lgcc_s] ==> lib [gcc_s]
    arg [-lgcc] ==> lib [gcc]
    arg [/usr/lib/gcc/x86_64-linux-gnu/4.9/crtend.o] ==> ignore
    arg [/usr/lib/gcc/x86_64-linux-gnu/4.9/../../../x86_64-linux-gnu/crtn.o] ==> ignore
  remove lib [gcc_s]
  remove lib [gcc]
  remove lib [gcc_s]
  remove lib [gcc]
  collapse library dir [/usr/lib/gcc/x86_64-linux-gnu/4.9] ==> [/usr/lib/gcc/x86_64-linux-gnu/4.9]
  collapse library dir [/usr/lib/gcc/x86_64-linux-gnu/4.9/../../../x86_64-linux-gnu] ==> [/usr/lib/x86_64-linux-gnu]
  collapse library dir [/usr/lib/gcc/x86_64-linux-gnu/4.9/../../../../lib] ==> [/usr/lib]
  collapse library dir [/lib/x86_64-linux-gnu] ==> [/lib/x86_64-linux-gnu]
  collapse library dir [/lib/../lib] ==> [/lib]
  collapse library dir [/usr/lib/x86_64-linux-gnu] ==> [/usr/lib/x86_64-linux-gnu]
  collapse library dir [/usr/lib/../lib] ==> [/usr/lib]
  collapse library dir [/usr/lib/gcc/x86_64-linux-gnu/4.9/../../..] ==> [/usr/lib]
  implicit libs: [stdc++;m;c]
  implicit dirs: [/usr/lib/gcc/x86_64-linux-gnu/4.9;/usr/lib/x86_64-linux-gnu;/usr/lib;/lib/x86_64-linux-gnu;/lib]
  implicit fwks: []


